Copyright 1986-2018 Xilinx, Inc. All Rights Reserved.
--------------------------------------------------------------------------------------------------------------------------------------------------------
| Tool Version : Vivado v.2018.3 (lin64) Build 2405991 Thu Dec  6 23:36:41 MST 2018
| Date         : Mon May 20 20:13:04 2019
| Host         : pisit-neon running 64-bit KDE neon Unstable Edition
| Command      : report_methodology -file system_methodology_drc_routed.rpt -pb system_methodology_drc_routed.pb -rpx system_methodology_drc_routed.rpx
| Design       : system
| Device       : xc7a35tcpg236-1
| Speed File   : -1
| Design State : Fully Routed
--------------------------------------------------------------------------------------------------------------------------------------------------------

Report Methodology

Table of Contents
-----------------
1. REPORT SUMMARY
2. REPORT DETAILS

1. REPORT SUMMARY
-----------------
            Netlist: netlist
          Floorplan: design_1
      Design limits: <entire design considered>
             Max violations: <unlimited>
             Violations found: 468
+-----------+----------+-------------------------------+------------+
| Rule      | Severity | Description                   | Violations |
+-----------+----------+-------------------------------+------------+
| LUTAR-1   | Warning  | LUT drives async reset alert  | 3          |
| TIMING-17 | Warning  | Non-clocked sequential cell   | 434        |
| TIMING-18 | Warning  | Missing input or output delay | 22         |
| TIMING-23 | Warning  | Combinational loop found      | 9          |
+-----------+----------+-------------------------------+------------+

2. REPORT DETAILS
-----------------
LUTAR-1#1 Warning
LUT drives async reset alert  
LUT cell z80_/interrupts_/iff1_i_2, with 2 or more inputs, drives asynchronous preset/clear pin(s) z80_/interrupts_/iff1_reg/CLR. The LUT may glitch and trigger an unexpected reset, even if it is a properly timed path.
Related violations: <none>

LUTAR-1#2 Warning
LUT drives async reset alert  
LUT cell z80_/interrupts_/int_armed_i_2, with 2 or more inputs, drives asynchronous preset/clear pin(s) z80_/interrupts_/DFFE_instIFF2_reg/CLR, z80_/interrupts_/int_armed_reg/CLR. The LUT may glitch and trigger an unexpected reset, even if it is a properly timed path.
Related violations: <none>

LUTAR-1#3 Warning
LUT drives async reset alert  
LUT cell z80_/resets_/nmi_armed_i_1, with 2 or more inputs, drives asynchronous preset/clear pin(s) z80_/interrupts_/nmi_armed_reg/CLR. The LUT may glitch and trigger an unexpected reset, even if it is a properly timed path.
Related violations: <none>

TIMING-17#1 Warning
Non-clocked sequential cell  
The clock pin keyboard_io_/data_out_reg[0]/C is not reached by a timing clock
Related violations: <none>

TIMING-17#2 Warning
Non-clocked sequential cell  
The clock pin keyboard_io_/data_out_reg[1]/C is not reached by a timing clock
Related violations: <none>

TIMING-17#3 Warning
Non-clocked sequential cell  
The clock pin keyboard_io_/data_out_reg[2]/C is not reached by a timing clock
Related violations: <none>

TIMING-17#4 Warning
Non-clocked sequential cell  
The clock pin keyboard_io_/data_out_reg[3]/C is not reached by a timing clock
Related violations: <none>

TIMING-17#5 Warning
Non-clocked sequential cell  
The clock pin keyboard_io_/data_out_reg[4]/C is not reached by a timing clock
Related violations: <none>

TIMING-17#6 Warning
Non-clocked sequential cell  
The clock pin keyboard_io_/data_out_reg[5]/C is not reached by a timing clock
Related violations: <none>

TIMING-17#7 Warning
Non-clocked sequential cell  
The clock pin keyboard_io_/data_out_reg[6]/C is not reached by a timing clock
Related violations: <none>

TIMING-17#8 Warning
Non-clocked sequential cell  
The clock pin keyboard_io_/data_out_reg[7]/C is not reached by a timing clock
Related violations: <none>

TIMING-17#9 Warning
Non-clocked sequential cell  
The clock pin keyboard_io_/reg_array_reg[0][0]/C is not reached by a timing clock
Related violations: <none>

TIMING-17#10 Warning
Non-clocked sequential cell  
The clock pin keyboard_io_/reg_array_reg[0][1]/C is not reached by a timing clock
Related violations: <none>

TIMING-17#11 Warning
Non-clocked sequential cell  
The clock pin keyboard_io_/reg_array_reg[0][2]/C is not reached by a timing clock
Related violations: <none>

TIMING-17#12 Warning
Non-clocked sequential cell  
The clock pin keyboard_io_/reg_array_reg[0][3]/C is not reached by a timing clock
Related violations: <none>

TIMING-17#13 Warning
Non-clocked sequential cell  
The clock pin keyboard_io_/reg_array_reg[0][4]/C is not reached by a timing clock
Related violations: <none>

TIMING-17#14 Warning
Non-clocked sequential cell  
The clock pin keyboard_io_/reg_array_reg[0][5]/C is not reached by a timing clock
Related violations: <none>

TIMING-17#15 Warning
Non-clocked sequential cell  
The clock pin keyboard_io_/reg_array_reg[0][6]/C is not reached by a timing clock
Related violations: <none>

TIMING-17#16 Warning
Non-clocked sequential cell  
The clock pin keyboard_io_/reg_array_reg[0][7]/C is not reached by a timing clock
Related violations: <none>

TIMING-17#17 Warning
Non-clocked sequential cell  
The clock pin keyboard_io_/reg_array_reg[1][0]/C is not reached by a timing clock
Related violations: <none>

TIMING-17#18 Warning
Non-clocked sequential cell  
The clock pin keyboard_io_/reg_array_reg[1][1]/C is not reached by a timing clock
Related violations: <none>

TIMING-17#19 Warning
Non-clocked sequential cell  
The clock pin keyboard_io_/reg_array_reg[1][2]/C is not reached by a timing clock
Related violations: <none>

TIMING-17#20 Warning
Non-clocked sequential cell  
The clock pin keyboard_io_/reg_array_reg[1][3]/C is not reached by a timing clock
Related violations: <none>

TIMING-17#21 Warning
Non-clocked sequential cell  
The clock pin keyboard_io_/reg_array_reg[1][4]/C is not reached by a timing clock
Related violations: <none>

TIMING-17#22 Warning
Non-clocked sequential cell  
The clock pin keyboard_io_/reg_array_reg[1][5]/C is not reached by a timing clock
Related violations: <none>

TIMING-17#23 Warning
Non-clocked sequential cell  
The clock pin keyboard_io_/reg_array_reg[1][6]/C is not reached by a timing clock
Related violations: <none>

TIMING-17#24 Warning
Non-clocked sequential cell  
The clock pin keyboard_io_/reg_array_reg[1][7]/C is not reached by a timing clock
Related violations: <none>

TIMING-17#25 Warning
Non-clocked sequential cell  
The clock pin nolabel_line217/data_out_reg[0]/C is not reached by a timing clock
Related violations: <none>

TIMING-17#26 Warning
Non-clocked sequential cell  
The clock pin nolabel_line217/debug_reg[0]/C is not reached by a timing clock
Related violations: <none>

TIMING-17#27 Warning
Non-clocked sequential cell  
The clock pin nolabel_line217/debug_reg[1]/C is not reached by a timing clock
Related violations: <none>

TIMING-17#28 Warning
Non-clocked sequential cell  
The clock pin ram_/reg_array_reg_0/CLKARDCLK is not reached by a timing clock
Related violations: <none>

TIMING-17#29 Warning
Non-clocked sequential cell  
The clock pin ram_/reg_array_reg_1/CLKARDCLK is not reached by a timing clock
Related violations: <none>

TIMING-17#30 Warning
Non-clocked sequential cell  
The clock pin ram_/reg_array_reg_2/CLKARDCLK is not reached by a timing clock
Related violations: <none>

TIMING-17#31 Warning
Non-clocked sequential cell  
The clock pin ram_/reg_array_reg_3/CLKARDCLK is not reached by a timing clock
Related violations: <none>

TIMING-17#32 Warning
Non-clocked sequential cell  
The clock pin ssd/FSM_sequential_state_reg[0]/C is not reached by a timing clock
Related violations: <none>

TIMING-17#33 Warning
Non-clocked sequential cell  
The clock pin ssd/FSM_sequential_state_reg[1]/C is not reached by a timing clock
Related violations: <none>

TIMING-17#34 Warning
Non-clocked sequential cell  
The clock pin uut/cnt_reg[0]/C is not reached by a timing clock
Related violations: <none>

TIMING-17#35 Warning
Non-clocked sequential cell  
The clock pin uut/cnt_reg[1]/C is not reached by a timing clock
Related violations: <none>

TIMING-17#36 Warning
Non-clocked sequential cell  
The clock pin uut/cnt_reg[2]/C is not reached by a timing clock
Related violations: <none>

TIMING-17#37 Warning
Non-clocked sequential cell  
The clock pin uut/cnt_reg[3]/C is not reached by a timing clock
Related violations: <none>

TIMING-17#38 Warning
Non-clocked sequential cell  
The clock pin uut/datacur_reg[0]/C is not reached by a timing clock
Related violations: <none>

TIMING-17#39 Warning
Non-clocked sequential cell  
The clock pin uut/datacur_reg[1]/C is not reached by a timing clock
Related violations: <none>

TIMING-17#40 Warning
Non-clocked sequential cell  
The clock pin uut/datacur_reg[2]/C is not reached by a timing clock
Related violations: <none>

TIMING-17#41 Warning
Non-clocked sequential cell  
The clock pin uut/datacur_reg[3]/C is not reached by a timing clock
Related violations: <none>

TIMING-17#42 Warning
Non-clocked sequential cell  
The clock pin uut/datacur_reg[4]/C is not reached by a timing clock
Related violations: <none>

TIMING-17#43 Warning
Non-clocked sequential cell  
The clock pin uut/datacur_reg[5]/C is not reached by a timing clock
Related violations: <none>

TIMING-17#44 Warning
Non-clocked sequential cell  
The clock pin uut/datacur_reg[6]/C is not reached by a timing clock
Related violations: <none>

TIMING-17#45 Warning
Non-clocked sequential cell  
The clock pin uut/datacur_reg[7]/C is not reached by a timing clock
Related violations: <none>

TIMING-17#46 Warning
Non-clocked sequential cell  
The clock pin uut/db_clk/Iv_reg/C is not reached by a timing clock
Related violations: <none>

TIMING-17#47 Warning
Non-clocked sequential cell  
The clock pin uut/db_clk/O_reg/C is not reached by a timing clock
Related violations: <none>

TIMING-17#48 Warning
Non-clocked sequential cell  
The clock pin uut/db_clk/count_reg[0]/C is not reached by a timing clock
Related violations: <none>

TIMING-17#49 Warning
Non-clocked sequential cell  
The clock pin uut/db_clk/count_reg[1]/C is not reached by a timing clock
Related violations: <none>

TIMING-17#50 Warning
Non-clocked sequential cell  
The clock pin uut/db_clk/count_reg[2]/C is not reached by a timing clock
Related violations: <none>

TIMING-17#51 Warning
Non-clocked sequential cell  
The clock pin uut/db_clk/count_reg[3]/C is not reached by a timing clock
Related violations: <none>

TIMING-17#52 Warning
Non-clocked sequential cell  
The clock pin uut/db_clk/count_reg[4]/C is not reached by a timing clock
Related violations: <none>

TIMING-17#53 Warning
Non-clocked sequential cell  
The clock pin uut/db_data/Iv_reg/C is not reached by a timing clock
Related violations: <none>

TIMING-17#54 Warning
Non-clocked sequential cell  
The clock pin uut/db_data/O_reg/C is not reached by a timing clock
Related violations: <none>

TIMING-17#55 Warning
Non-clocked sequential cell  
The clock pin uut/db_data/count_reg[0]/C is not reached by a timing clock
Related violations: <none>

TIMING-17#56 Warning
Non-clocked sequential cell  
The clock pin uut/db_data/count_reg[1]/C is not reached by a timing clock
Related violations: <none>

TIMING-17#57 Warning
Non-clocked sequential cell  
The clock pin uut/db_data/count_reg[2]/C is not reached by a timing clock
Related violations: <none>

TIMING-17#58 Warning
Non-clocked sequential cell  
The clock pin uut/db_data/count_reg[3]/C is not reached by a timing clock
Related violations: <none>

TIMING-17#59 Warning
Non-clocked sequential cell  
The clock pin uut/db_data/count_reg[4]/C is not reached by a timing clock
Related violations: <none>

TIMING-17#60 Warning
Non-clocked sequential cell  
The clock pin uut/flag_reg/C is not reached by a timing clock
Related violations: <none>

TIMING-17#61 Warning
Non-clocked sequential cell  
The clock pin uut/keycode_reg[0]/C is not reached by a timing clock
Related violations: <none>

TIMING-17#62 Warning
Non-clocked sequential cell  
The clock pin uut/keycode_reg[10]/C is not reached by a timing clock
Related violations: <none>

TIMING-17#63 Warning
Non-clocked sequential cell  
The clock pin uut/keycode_reg[11]/C is not reached by a timing clock
Related violations: <none>

TIMING-17#64 Warning
Non-clocked sequential cell  
The clock pin uut/keycode_reg[12]/C is not reached by a timing clock
Related violations: <none>

TIMING-17#65 Warning
Non-clocked sequential cell  
The clock pin uut/keycode_reg[13]/C is not reached by a timing clock
Related violations: <none>

TIMING-17#66 Warning
Non-clocked sequential cell  
The clock pin uut/keycode_reg[14]/C is not reached by a timing clock
Related violations: <none>

TIMING-17#67 Warning
Non-clocked sequential cell  
The clock pin uut/keycode_reg[15]/C is not reached by a timing clock
Related violations: <none>

TIMING-17#68 Warning
Non-clocked sequential cell  
The clock pin uut/keycode_reg[1]/C is not reached by a timing clock
Related violations: <none>

TIMING-17#69 Warning
Non-clocked sequential cell  
The clock pin uut/keycode_reg[2]/C is not reached by a timing clock
Related violations: <none>

TIMING-17#70 Warning
Non-clocked sequential cell  
The clock pin uut/keycode_reg[3]/C is not reached by a timing clock
Related violations: <none>

TIMING-17#71 Warning
Non-clocked sequential cell  
The clock pin uut/keycode_reg[4]/C is not reached by a timing clock
Related violations: <none>

TIMING-17#72 Warning
Non-clocked sequential cell  
The clock pin uut/keycode_reg[5]/C is not reached by a timing clock
Related violations: <none>

TIMING-17#73 Warning
Non-clocked sequential cell  
The clock pin uut/keycode_reg[6]/C is not reached by a timing clock
Related violations: <none>

TIMING-17#74 Warning
Non-clocked sequential cell  
The clock pin uut/keycode_reg[7]/C is not reached by a timing clock
Related violations: <none>

TIMING-17#75 Warning
Non-clocked sequential cell  
The clock pin uut/keycode_reg[8]/C is not reached by a timing clock
Related violations: <none>

TIMING-17#76 Warning
Non-clocked sequential cell  
The clock pin uut/keycode_reg[9]/C is not reached by a timing clock
Related violations: <none>

TIMING-17#77 Warning
Non-clocked sequential cell  
The clock pin uut/oflag_reg/C is not reached by a timing clock
Related violations: <none>

TIMING-17#78 Warning
Non-clocked sequential cell  
The clock pin uut/pflag_reg/C is not reached by a timing clock
Related violations: <none>

TIMING-17#79 Warning
Non-clocked sequential cell  
The clock pin z80_/address_latch_/Q_reg[0]/C is not reached by a timing clock
Related violations: <none>

TIMING-17#80 Warning
Non-clocked sequential cell  
The clock pin z80_/address_latch_/Q_reg[10]/C is not reached by a timing clock
Related violations: <none>

TIMING-17#81 Warning
Non-clocked sequential cell  
The clock pin z80_/address_latch_/Q_reg[11]/C is not reached by a timing clock
Related violations: <none>

TIMING-17#82 Warning
Non-clocked sequential cell  
The clock pin z80_/address_latch_/Q_reg[12]/C is not reached by a timing clock
Related violations: <none>

TIMING-17#83 Warning
Non-clocked sequential cell  
The clock pin z80_/address_latch_/Q_reg[13]/C is not reached by a timing clock
Related violations: <none>

TIMING-17#84 Warning
Non-clocked sequential cell  
The clock pin z80_/address_latch_/Q_reg[14]/C is not reached by a timing clock
Related violations: <none>

TIMING-17#85 Warning
Non-clocked sequential cell  
The clock pin z80_/address_latch_/Q_reg[15]/C is not reached by a timing clock
Related violations: <none>

TIMING-17#86 Warning
Non-clocked sequential cell  
The clock pin z80_/address_latch_/Q_reg[1]/C is not reached by a timing clock
Related violations: <none>

TIMING-17#87 Warning
Non-clocked sequential cell  
The clock pin z80_/address_latch_/Q_reg[2]/C is not reached by a timing clock
Related violations: <none>

TIMING-17#88 Warning
Non-clocked sequential cell  
The clock pin z80_/address_latch_/Q_reg[3]/C is not reached by a timing clock
Related violations: <none>

TIMING-17#89 Warning
Non-clocked sequential cell  
The clock pin z80_/address_latch_/Q_reg[4]/C is not reached by a timing clock
Related violations: <none>

TIMING-17#90 Warning
Non-clocked sequential cell  
The clock pin z80_/address_latch_/Q_reg[5]/C is not reached by a timing clock
Related violations: <none>

TIMING-17#91 Warning
Non-clocked sequential cell  
The clock pin z80_/address_latch_/Q_reg[6]/C is not reached by a timing clock
Related violations: <none>

TIMING-17#92 Warning
Non-clocked sequential cell  
The clock pin z80_/address_latch_/Q_reg[7]/C is not reached by a timing clock
Related violations: <none>

TIMING-17#93 Warning
Non-clocked sequential cell  
The clock pin z80_/address_latch_/Q_reg[8]/C is not reached by a timing clock
Related violations: <none>

TIMING-17#94 Warning
Non-clocked sequential cell  
The clock pin z80_/address_latch_/Q_reg[9]/C is not reached by a timing clock
Related violations: <none>

TIMING-17#95 Warning
Non-clocked sequential cell  
The clock pin z80_/address_pins_/DFFE_apin_latch_reg[0]/C is not reached by a timing clock
Related violations: <none>

TIMING-17#96 Warning
Non-clocked sequential cell  
The clock pin z80_/address_pins_/DFFE_apin_latch_reg[10]/C is not reached by a timing clock
Related violations: <none>

TIMING-17#97 Warning
Non-clocked sequential cell  
The clock pin z80_/address_pins_/DFFE_apin_latch_reg[11]/C is not reached by a timing clock
Related violations: <none>

TIMING-17#98 Warning
Non-clocked sequential cell  
The clock pin z80_/address_pins_/DFFE_apin_latch_reg[12]/C is not reached by a timing clock
Related violations: <none>

TIMING-17#99 Warning
Non-clocked sequential cell  
The clock pin z80_/address_pins_/DFFE_apin_latch_reg[13]/C is not reached by a timing clock
Related violations: <none>

TIMING-17#100 Warning
Non-clocked sequential cell  
The clock pin z80_/address_pins_/DFFE_apin_latch_reg[1]/C is not reached by a timing clock
Related violations: <none>

TIMING-17#101 Warning
Non-clocked sequential cell  
The clock pin z80_/address_pins_/DFFE_apin_latch_reg[2]/C is not reached by a timing clock
Related violations: <none>

TIMING-17#102 Warning
Non-clocked sequential cell  
The clock pin z80_/address_pins_/DFFE_apin_latch_reg[3]/C is not reached by a timing clock
Related violations: <none>

TIMING-17#103 Warning
Non-clocked sequential cell  
The clock pin z80_/address_pins_/DFFE_apin_latch_reg[4]/C is not reached by a timing clock
Related violations: <none>

TIMING-17#104 Warning
Non-clocked sequential cell  
The clock pin z80_/address_pins_/DFFE_apin_latch_reg[5]/C is not reached by a timing clock
Related violations: <none>

TIMING-17#105 Warning
Non-clocked sequential cell  
The clock pin z80_/address_pins_/DFFE_apin_latch_reg[6]/C is not reached by a timing clock
Related violations: <none>

TIMING-17#106 Warning
Non-clocked sequential cell  
The clock pin z80_/address_pins_/DFFE_apin_latch_reg[7]/C is not reached by a timing clock
Related violations: <none>

TIMING-17#107 Warning
Non-clocked sequential cell  
The clock pin z80_/address_pins_/DFFE_apin_latch_reg[8]/C is not reached by a timing clock
Related violations: <none>

TIMING-17#108 Warning
Non-clocked sequential cell  
The clock pin z80_/address_pins_/DFFE_apin_latch_reg[9]/C is not reached by a timing clock
Related violations: <none>

TIMING-17#109 Warning
Non-clocked sequential cell  
The clock pin z80_/alu_/op1_high_reg[0]/C is not reached by a timing clock
Related violations: <none>

TIMING-17#110 Warning
Non-clocked sequential cell  
The clock pin z80_/alu_/op1_high_reg[1]/C is not reached by a timing clock
Related violations: <none>

TIMING-17#111 Warning
Non-clocked sequential cell  
The clock pin z80_/alu_/op1_high_reg[2]/C is not reached by a timing clock
Related violations: <none>

TIMING-17#112 Warning
Non-clocked sequential cell  
The clock pin z80_/alu_/op1_high_reg[3]/C is not reached by a timing clock
Related violations: <none>

TIMING-17#113 Warning
Non-clocked sequential cell  
The clock pin z80_/alu_/op1_low_reg[0]/C is not reached by a timing clock
Related violations: <none>

TIMING-17#114 Warning
Non-clocked sequential cell  
The clock pin z80_/alu_/op1_low_reg[1]/C is not reached by a timing clock
Related violations: <none>

TIMING-17#115 Warning
Non-clocked sequential cell  
The clock pin z80_/alu_/op1_low_reg[2]/C is not reached by a timing clock
Related violations: <none>

TIMING-17#116 Warning
Non-clocked sequential cell  
The clock pin z80_/alu_/op1_low_reg[3]/C is not reached by a timing clock
Related violations: <none>

TIMING-17#117 Warning
Non-clocked sequential cell  
The clock pin z80_/alu_/op2_high_reg[0]/C is not reached by a timing clock
Related violations: <none>

TIMING-17#118 Warning
Non-clocked sequential cell  
The clock pin z80_/alu_/op2_high_reg[1]/C is not reached by a timing clock
Related violations: <none>

TIMING-17#119 Warning
Non-clocked sequential cell  
The clock pin z80_/alu_/op2_high_reg[2]/C is not reached by a timing clock
Related violations: <none>

TIMING-17#120 Warning
Non-clocked sequential cell  
The clock pin z80_/alu_/op2_high_reg[3]/C is not reached by a timing clock
Related violations: <none>

TIMING-17#121 Warning
Non-clocked sequential cell  
The clock pin z80_/alu_/op2_low_reg[0]/C is not reached by a timing clock
Related violations: <none>

TIMING-17#122 Warning
Non-clocked sequential cell  
The clock pin z80_/alu_/op2_low_reg[1]/C is not reached by a timing clock
Related violations: <none>

TIMING-17#123 Warning
Non-clocked sequential cell  
The clock pin z80_/alu_/op2_low_reg[2]/C is not reached by a timing clock
Related violations: <none>

TIMING-17#124 Warning
Non-clocked sequential cell  
The clock pin z80_/alu_/op2_low_reg[3]/C is not reached by a timing clock
Related violations: <none>

TIMING-17#125 Warning
Non-clocked sequential cell  
The clock pin z80_/alu_/result_lo_reg[0]/C is not reached by a timing clock
Related violations: <none>

TIMING-17#126 Warning
Non-clocked sequential cell  
The clock pin z80_/alu_/result_lo_reg[1]/C is not reached by a timing clock
Related violations: <none>

TIMING-17#127 Warning
Non-clocked sequential cell  
The clock pin z80_/alu_/result_lo_reg[2]/C is not reached by a timing clock
Related violations: <none>

TIMING-17#128 Warning
Non-clocked sequential cell  
The clock pin z80_/alu_/result_lo_reg[3]/C is not reached by a timing clock
Related violations: <none>

TIMING-17#129 Warning
Non-clocked sequential cell  
The clock pin z80_/alu_control_/DFFE_latch_pf_tmp_reg/C is not reached by a timing clock
Related violations: <none>

TIMING-17#130 Warning
Non-clocked sequential cell  
The clock pin z80_/alu_control_/flags_cond_true_reg/C is not reached by a timing clock
Related violations: <none>

TIMING-17#131 Warning
Non-clocked sequential cell  
The clock pin z80_/alu_flags_/DFFE_inst_latch_cf2_reg/C is not reached by a timing clock
Related violations: <none>

TIMING-17#132 Warning
Non-clocked sequential cell  
The clock pin z80_/alu_flags_/DFFE_inst_latch_cf_reg/C is not reached by a timing clock
Related violations: <none>

TIMING-17#133 Warning
Non-clocked sequential cell  
The clock pin z80_/alu_flags_/DFFE_inst_latch_hf_reg/C is not reached by a timing clock
Related violations: <none>

TIMING-17#134 Warning
Non-clocked sequential cell  
The clock pin z80_/alu_flags_/DFFE_inst_latch_nf_reg/C is not reached by a timing clock
Related violations: <none>

TIMING-17#135 Warning
Non-clocked sequential cell  
The clock pin z80_/alu_flags_/DFFE_inst_latch_pf_reg/C is not reached by a timing clock
Related violations: <none>

TIMING-17#136 Warning
Non-clocked sequential cell  
The clock pin z80_/alu_flags_/DFFE_inst_latch_sf_reg/C is not reached by a timing clock
Related violations: <none>

TIMING-17#137 Warning
Non-clocked sequential cell  
The clock pin z80_/alu_flags_/SYNTHESIZED_WIRE_39_reg/C is not reached by a timing clock
Related violations: <none>

TIMING-17#138 Warning
Non-clocked sequential cell  
The clock pin z80_/alu_flags_/flags_hf2_reg/C is not reached by a timing clock
Related violations: <none>

TIMING-17#139 Warning
Non-clocked sequential cell  
The clock pin z80_/alu_flags_/flags_xf_reg/C is not reached by a timing clock
Related violations: <none>

TIMING-17#140 Warning
Non-clocked sequential cell  
The clock pin z80_/alu_flags_/flags_yf_reg/C is not reached by a timing clock
Related violations: <none>

TIMING-17#141 Warning
Non-clocked sequential cell  
The clock pin z80_/clk_delay_/DFF_inst5_reg/C is not reached by a timing clock
Related violations: <none>

TIMING-17#142 Warning
Non-clocked sequential cell  
The clock pin z80_/clk_delay_/SYNTHESIZED_WIRE_7_reg/C is not reached by a timing clock
Related violations: <none>

TIMING-17#143 Warning
Non-clocked sequential cell  
The clock pin z80_/data_pins_/dout_reg[0]/C is not reached by a timing clock
Related violations: <none>

TIMING-17#144 Warning
Non-clocked sequential cell  
The clock pin z80_/data_pins_/dout_reg[1]/C is not reached by a timing clock
Related violations: <none>

TIMING-17#145 Warning
Non-clocked sequential cell  
The clock pin z80_/data_pins_/dout_reg[2]/C is not reached by a timing clock
Related violations: <none>

TIMING-17#146 Warning
Non-clocked sequential cell  
The clock pin z80_/data_pins_/dout_reg[3]/C is not reached by a timing clock
Related violations: <none>

TIMING-17#147 Warning
Non-clocked sequential cell  
The clock pin z80_/data_pins_/dout_reg[4]/C is not reached by a timing clock
Related violations: <none>

TIMING-17#148 Warning
Non-clocked sequential cell  
The clock pin z80_/data_pins_/dout_reg[5]/C is not reached by a timing clock
Related violations: <none>

TIMING-17#149 Warning
Non-clocked sequential cell  
The clock pin z80_/data_pins_/dout_reg[6]/C is not reached by a timing clock
Related violations: <none>

TIMING-17#150 Warning
Non-clocked sequential cell  
The clock pin z80_/data_pins_/dout_reg[7]/C is not reached by a timing clock
Related violations: <none>

TIMING-17#151 Warning
Non-clocked sequential cell  
The clock pin z80_/decode_state_/DFFE_inst4_reg/C is not reached by a timing clock
Related violations: <none>

TIMING-17#152 Warning
Non-clocked sequential cell  
The clock pin z80_/decode_state_/DFFE_instCB_reg/C is not reached by a timing clock
Related violations: <none>

TIMING-17#153 Warning
Non-clocked sequential cell  
The clock pin z80_/decode_state_/DFFE_instED_reg/C is not reached by a timing clock
Related violations: <none>

TIMING-17#154 Warning
Non-clocked sequential cell  
The clock pin z80_/decode_state_/DFFE_instIY1_reg/C is not reached by a timing clock
Related violations: <none>

TIMING-17#155 Warning
Non-clocked sequential cell  
The clock pin z80_/decode_state_/DFFE_instNonRep_reg/C is not reached by a timing clock
Related violations: <none>

TIMING-17#156 Warning
Non-clocked sequential cell  
The clock pin z80_/decode_state_/in_halt_reg/C is not reached by a timing clock
Related violations: <none>

TIMING-17#157 Warning
Non-clocked sequential cell  
The clock pin z80_/fpga_reset_reg/C is not reached by a timing clock
Related violations: <none>

TIMING-17#158 Warning
Non-clocked sequential cell  
The clock pin z80_/interrupts_/DFFE_inst44_reg/C is not reached by a timing clock
Related violations: <none>

TIMING-17#159 Warning
Non-clocked sequential cell  
The clock pin z80_/interrupts_/DFFE_instIFF2_reg/C is not reached by a timing clock
Related violations: <none>

TIMING-17#160 Warning
Non-clocked sequential cell  
The clock pin z80_/interrupts_/iff1_reg/C is not reached by a timing clock
Related violations: <none>

TIMING-17#161 Warning
Non-clocked sequential cell  
The clock pin z80_/interrupts_/im1_reg/C is not reached by a timing clock
Related violations: <none>

TIMING-17#162 Warning
Non-clocked sequential cell  
The clock pin z80_/interrupts_/im2_reg/C is not reached by a timing clock
Related violations: <none>

TIMING-17#163 Warning
Non-clocked sequential cell  
The clock pin z80_/interrupts_/in_nmi_ALTERA_SYNTHESIZED_reg/C is not reached by a timing clock
Related violations: <none>

TIMING-17#164 Warning
Non-clocked sequential cell  
The clock pin z80_/interrupts_/int_armed_reg/C is not reached by a timing clock
Related violations: <none>

TIMING-17#165 Warning
Non-clocked sequential cell  
The clock pin z80_/interrupts_/nmi_armed_reg/C is not reached by a timing clock
Related violations: <none>

TIMING-17#166 Warning
Non-clocked sequential cell  
The clock pin z80_/ir_/opcode_reg[0]/C is not reached by a timing clock
Related violations: <none>

TIMING-17#167 Warning
Non-clocked sequential cell  
The clock pin z80_/ir_/opcode_reg[1]/C is not reached by a timing clock
Related violations: <none>

TIMING-17#168 Warning
Non-clocked sequential cell  
The clock pin z80_/ir_/opcode_reg[2]/C is not reached by a timing clock
Related violations: <none>

TIMING-17#169 Warning
Non-clocked sequential cell  
The clock pin z80_/ir_/opcode_reg[3]/C is not reached by a timing clock
Related violations: <none>

TIMING-17#170 Warning
Non-clocked sequential cell  
The clock pin z80_/ir_/opcode_reg[4]/C is not reached by a timing clock
Related violations: <none>

TIMING-17#171 Warning
Non-clocked sequential cell  
The clock pin z80_/ir_/opcode_reg[5]/C is not reached by a timing clock
Related violations: <none>

TIMING-17#172 Warning
Non-clocked sequential cell  
The clock pin z80_/ir_/opcode_reg[6]/C is not reached by a timing clock
Related violations: <none>

TIMING-17#173 Warning
Non-clocked sequential cell  
The clock pin z80_/ir_/opcode_reg[7]/C is not reached by a timing clock
Related violations: <none>

TIMING-17#174 Warning
Non-clocked sequential cell  
The clock pin z80_/memory_ifc_/DFFE_intr_ff3_reg/C is not reached by a timing clock
Related violations: <none>

TIMING-17#175 Warning
Non-clocked sequential cell  
The clock pin z80_/memory_ifc_/DFFE_iorq_ff1_reg/C is not reached by a timing clock
Related violations: <none>

TIMING-17#176 Warning
Non-clocked sequential cell  
The clock pin z80_/memory_ifc_/DFFE_iorq_ff4_reg/C is not reached by a timing clock
Related violations: <none>

TIMING-17#177 Warning
Non-clocked sequential cell  
The clock pin z80_/memory_ifc_/DFFE_m1_ff1_reg/C is not reached by a timing clock
Related violations: <none>

TIMING-17#178 Warning
Non-clocked sequential cell  
The clock pin z80_/memory_ifc_/DFFE_m1_ff3_reg/C is not reached by a timing clock
Related violations: <none>

TIMING-17#179 Warning
Non-clocked sequential cell  
The clock pin z80_/memory_ifc_/DFFE_mrd_ff1_reg/C is not reached by a timing clock
Related violations: <none>

TIMING-17#180 Warning
Non-clocked sequential cell  
The clock pin z80_/memory_ifc_/DFFE_mrd_ff3_reg/C is not reached by a timing clock
Related violations: <none>

TIMING-17#181 Warning
Non-clocked sequential cell  
The clock pin z80_/memory_ifc_/DFFE_mwr_ff1_reg/C is not reached by a timing clock
Related violations: <none>

TIMING-17#182 Warning
Non-clocked sequential cell  
The clock pin z80_/memory_ifc_/SYNTHESIZED_WIRE_15_reg/C is not reached by a timing clock
Related violations: <none>

TIMING-17#183 Warning
Non-clocked sequential cell  
The clock pin z80_/memory_ifc_/mwr_wr_reg/C is not reached by a timing clock
Related violations: <none>

TIMING-17#184 Warning
Non-clocked sequential cell  
The clock pin z80_/memory_ifc_/wait_iorq_reg/C is not reached by a timing clock
Related violations: <none>

TIMING-17#185 Warning
Non-clocked sequential cell  
The clock pin z80_/memory_ifc_/wait_iorqinta_reg/C is not reached by a timing clock
Related violations: <none>

TIMING-17#186 Warning
Non-clocked sequential cell  
The clock pin z80_/memory_ifc_/wait_m_ALTERA_SYNTHESIZED1_reg/C is not reached by a timing clock
Related violations: <none>

TIMING-17#187 Warning
Non-clocked sequential cell  
The clock pin z80_/memory_ifc_/wait_mrd_reg/C is not reached by a timing clock
Related violations: <none>

TIMING-17#188 Warning
Non-clocked sequential cell  
The clock pin z80_/memory_ifc_/wait_mwr_reg/C is not reached by a timing clock
Related violations: <none>

TIMING-17#189 Warning
Non-clocked sequential cell  
The clock pin z80_/reg_control_/bank_af_reg/C is not reached by a timing clock
Related violations: <none>

TIMING-17#190 Warning
Non-clocked sequential cell  
The clock pin z80_/reg_control_/bank_exx_reg/C is not reached by a timing clock
Related violations: <none>

TIMING-17#191 Warning
Non-clocked sequential cell  
The clock pin z80_/reg_control_/bank_hl_de1_reg/C is not reached by a timing clock
Related violations: <none>

TIMING-17#192 Warning
Non-clocked sequential cell  
The clock pin z80_/reg_control_/bank_hl_de2_reg/C is not reached by a timing clock
Related violations: <none>

TIMING-17#193 Warning
Non-clocked sequential cell  
The clock pin z80_/reg_file_/b2v_latch_af2_hi/latch_reg[0]/C is not reached by a timing clock
Related violations: <none>

TIMING-17#194 Warning
Non-clocked sequential cell  
The clock pin z80_/reg_file_/b2v_latch_af2_hi/latch_reg[1]/C is not reached by a timing clock
Related violations: <none>

TIMING-17#195 Warning
Non-clocked sequential cell  
The clock pin z80_/reg_file_/b2v_latch_af2_hi/latch_reg[2]/C is not reached by a timing clock
Related violations: <none>

TIMING-17#196 Warning
Non-clocked sequential cell  
The clock pin z80_/reg_file_/b2v_latch_af2_hi/latch_reg[3]/C is not reached by a timing clock
Related violations: <none>

TIMING-17#197 Warning
Non-clocked sequential cell  
The clock pin z80_/reg_file_/b2v_latch_af2_hi/latch_reg[4]/C is not reached by a timing clock
Related violations: <none>

TIMING-17#198 Warning
Non-clocked sequential cell  
The clock pin z80_/reg_file_/b2v_latch_af2_hi/latch_reg[5]/C is not reached by a timing clock
Related violations: <none>

TIMING-17#199 Warning
Non-clocked sequential cell  
The clock pin z80_/reg_file_/b2v_latch_af2_hi/latch_reg[6]/C is not reached by a timing clock
Related violations: <none>

TIMING-17#200 Warning
Non-clocked sequential cell  
The clock pin z80_/reg_file_/b2v_latch_af2_hi/latch_reg[7]/C is not reached by a timing clock
Related violations: <none>

TIMING-17#201 Warning
Non-clocked sequential cell  
The clock pin z80_/reg_file_/b2v_latch_af2_lo/latch_reg[0]/C is not reached by a timing clock
Related violations: <none>

TIMING-17#202 Warning
Non-clocked sequential cell  
The clock pin z80_/reg_file_/b2v_latch_af2_lo/latch_reg[1]/C is not reached by a timing clock
Related violations: <none>

TIMING-17#203 Warning
Non-clocked sequential cell  
The clock pin z80_/reg_file_/b2v_latch_af2_lo/latch_reg[2]/C is not reached by a timing clock
Related violations: <none>

TIMING-17#204 Warning
Non-clocked sequential cell  
The clock pin z80_/reg_file_/b2v_latch_af2_lo/latch_reg[3]/C is not reached by a timing clock
Related violations: <none>

TIMING-17#205 Warning
Non-clocked sequential cell  
The clock pin z80_/reg_file_/b2v_latch_af2_lo/latch_reg[4]/C is not reached by a timing clock
Related violations: <none>

TIMING-17#206 Warning
Non-clocked sequential cell  
The clock pin z80_/reg_file_/b2v_latch_af2_lo/latch_reg[5]/C is not reached by a timing clock
Related violations: <none>

TIMING-17#207 Warning
Non-clocked sequential cell  
The clock pin z80_/reg_file_/b2v_latch_af2_lo/latch_reg[6]/C is not reached by a timing clock
Related violations: <none>

TIMING-17#208 Warning
Non-clocked sequential cell  
The clock pin z80_/reg_file_/b2v_latch_af2_lo/latch_reg[7]/C is not reached by a timing clock
Related violations: <none>

TIMING-17#209 Warning
Non-clocked sequential cell  
The clock pin z80_/reg_file_/b2v_latch_af_hi/latch_reg[0]/C is not reached by a timing clock
Related violations: <none>

TIMING-17#210 Warning
Non-clocked sequential cell  
The clock pin z80_/reg_file_/b2v_latch_af_hi/latch_reg[1]/C is not reached by a timing clock
Related violations: <none>

TIMING-17#211 Warning
Non-clocked sequential cell  
The clock pin z80_/reg_file_/b2v_latch_af_hi/latch_reg[2]/C is not reached by a timing clock
Related violations: <none>

TIMING-17#212 Warning
Non-clocked sequential cell  
The clock pin z80_/reg_file_/b2v_latch_af_hi/latch_reg[3]/C is not reached by a timing clock
Related violations: <none>

TIMING-17#213 Warning
Non-clocked sequential cell  
The clock pin z80_/reg_file_/b2v_latch_af_hi/latch_reg[4]/C is not reached by a timing clock
Related violations: <none>

TIMING-17#214 Warning
Non-clocked sequential cell  
The clock pin z80_/reg_file_/b2v_latch_af_hi/latch_reg[5]/C is not reached by a timing clock
Related violations: <none>

TIMING-17#215 Warning
Non-clocked sequential cell  
The clock pin z80_/reg_file_/b2v_latch_af_hi/latch_reg[6]/C is not reached by a timing clock
Related violations: <none>

TIMING-17#216 Warning
Non-clocked sequential cell  
The clock pin z80_/reg_file_/b2v_latch_af_hi/latch_reg[7]/C is not reached by a timing clock
Related violations: <none>

TIMING-17#217 Warning
Non-clocked sequential cell  
The clock pin z80_/reg_file_/b2v_latch_af_lo/latch_reg[0]/C is not reached by a timing clock
Related violations: <none>

TIMING-17#218 Warning
Non-clocked sequential cell  
The clock pin z80_/reg_file_/b2v_latch_af_lo/latch_reg[1]/C is not reached by a timing clock
Related violations: <none>

TIMING-17#219 Warning
Non-clocked sequential cell  
The clock pin z80_/reg_file_/b2v_latch_af_lo/latch_reg[2]/C is not reached by a timing clock
Related violations: <none>

TIMING-17#220 Warning
Non-clocked sequential cell  
The clock pin z80_/reg_file_/b2v_latch_af_lo/latch_reg[3]/C is not reached by a timing clock
Related violations: <none>

TIMING-17#221 Warning
Non-clocked sequential cell  
The clock pin z80_/reg_file_/b2v_latch_af_lo/latch_reg[4]/C is not reached by a timing clock
Related violations: <none>

TIMING-17#222 Warning
Non-clocked sequential cell  
The clock pin z80_/reg_file_/b2v_latch_af_lo/latch_reg[5]/C is not reached by a timing clock
Related violations: <none>

TIMING-17#223 Warning
Non-clocked sequential cell  
The clock pin z80_/reg_file_/b2v_latch_af_lo/latch_reg[6]/C is not reached by a timing clock
Related violations: <none>

TIMING-17#224 Warning
Non-clocked sequential cell  
The clock pin z80_/reg_file_/b2v_latch_af_lo/latch_reg[7]/C is not reached by a timing clock
Related violations: <none>

TIMING-17#225 Warning
Non-clocked sequential cell  
The clock pin z80_/reg_file_/b2v_latch_bc2_hi/latch_reg[0]/C is not reached by a timing clock
Related violations: <none>

TIMING-17#226 Warning
Non-clocked sequential cell  
The clock pin z80_/reg_file_/b2v_latch_bc2_hi/latch_reg[1]/C is not reached by a timing clock
Related violations: <none>

TIMING-17#227 Warning
Non-clocked sequential cell  
The clock pin z80_/reg_file_/b2v_latch_bc2_hi/latch_reg[2]/C is not reached by a timing clock
Related violations: <none>

TIMING-17#228 Warning
Non-clocked sequential cell  
The clock pin z80_/reg_file_/b2v_latch_bc2_hi/latch_reg[3]/C is not reached by a timing clock
Related violations: <none>

TIMING-17#229 Warning
Non-clocked sequential cell  
The clock pin z80_/reg_file_/b2v_latch_bc2_hi/latch_reg[4]/C is not reached by a timing clock
Related violations: <none>

TIMING-17#230 Warning
Non-clocked sequential cell  
The clock pin z80_/reg_file_/b2v_latch_bc2_hi/latch_reg[5]/C is not reached by a timing clock
Related violations: <none>

TIMING-17#231 Warning
Non-clocked sequential cell  
The clock pin z80_/reg_file_/b2v_latch_bc2_hi/latch_reg[6]/C is not reached by a timing clock
Related violations: <none>

TIMING-17#232 Warning
Non-clocked sequential cell  
The clock pin z80_/reg_file_/b2v_latch_bc2_hi/latch_reg[7]/C is not reached by a timing clock
Related violations: <none>

TIMING-17#233 Warning
Non-clocked sequential cell  
The clock pin z80_/reg_file_/b2v_latch_bc2_lo/latch_reg[0]/C is not reached by a timing clock
Related violations: <none>

TIMING-17#234 Warning
Non-clocked sequential cell  
The clock pin z80_/reg_file_/b2v_latch_bc2_lo/latch_reg[1]/C is not reached by a timing clock
Related violations: <none>

TIMING-17#235 Warning
Non-clocked sequential cell  
The clock pin z80_/reg_file_/b2v_latch_bc2_lo/latch_reg[2]/C is not reached by a timing clock
Related violations: <none>

TIMING-17#236 Warning
Non-clocked sequential cell  
The clock pin z80_/reg_file_/b2v_latch_bc2_lo/latch_reg[3]/C is not reached by a timing clock
Related violations: <none>

TIMING-17#237 Warning
Non-clocked sequential cell  
The clock pin z80_/reg_file_/b2v_latch_bc2_lo/latch_reg[4]/C is not reached by a timing clock
Related violations: <none>

TIMING-17#238 Warning
Non-clocked sequential cell  
The clock pin z80_/reg_file_/b2v_latch_bc2_lo/latch_reg[5]/C is not reached by a timing clock
Related violations: <none>

TIMING-17#239 Warning
Non-clocked sequential cell  
The clock pin z80_/reg_file_/b2v_latch_bc2_lo/latch_reg[6]/C is not reached by a timing clock
Related violations: <none>

TIMING-17#240 Warning
Non-clocked sequential cell  
The clock pin z80_/reg_file_/b2v_latch_bc2_lo/latch_reg[7]/C is not reached by a timing clock
Related violations: <none>

TIMING-17#241 Warning
Non-clocked sequential cell  
The clock pin z80_/reg_file_/b2v_latch_bc_hi/latch_reg[0]/C is not reached by a timing clock
Related violations: <none>

TIMING-17#242 Warning
Non-clocked sequential cell  
The clock pin z80_/reg_file_/b2v_latch_bc_hi/latch_reg[1]/C is not reached by a timing clock
Related violations: <none>

TIMING-17#243 Warning
Non-clocked sequential cell  
The clock pin z80_/reg_file_/b2v_latch_bc_hi/latch_reg[2]/C is not reached by a timing clock
Related violations: <none>

TIMING-17#244 Warning
Non-clocked sequential cell  
The clock pin z80_/reg_file_/b2v_latch_bc_hi/latch_reg[3]/C is not reached by a timing clock
Related violations: <none>

TIMING-17#245 Warning
Non-clocked sequential cell  
The clock pin z80_/reg_file_/b2v_latch_bc_hi/latch_reg[4]/C is not reached by a timing clock
Related violations: <none>

TIMING-17#246 Warning
Non-clocked sequential cell  
The clock pin z80_/reg_file_/b2v_latch_bc_hi/latch_reg[5]/C is not reached by a timing clock
Related violations: <none>

TIMING-17#247 Warning
Non-clocked sequential cell  
The clock pin z80_/reg_file_/b2v_latch_bc_hi/latch_reg[6]/C is not reached by a timing clock
Related violations: <none>

TIMING-17#248 Warning
Non-clocked sequential cell  
The clock pin z80_/reg_file_/b2v_latch_bc_hi/latch_reg[7]/C is not reached by a timing clock
Related violations: <none>

TIMING-17#249 Warning
Non-clocked sequential cell  
The clock pin z80_/reg_file_/b2v_latch_bc_lo/latch_reg[0]/C is not reached by a timing clock
Related violations: <none>

TIMING-17#250 Warning
Non-clocked sequential cell  
The clock pin z80_/reg_file_/b2v_latch_bc_lo/latch_reg[1]/C is not reached by a timing clock
Related violations: <none>

TIMING-17#251 Warning
Non-clocked sequential cell  
The clock pin z80_/reg_file_/b2v_latch_bc_lo/latch_reg[2]/C is not reached by a timing clock
Related violations: <none>

TIMING-17#252 Warning
Non-clocked sequential cell  
The clock pin z80_/reg_file_/b2v_latch_bc_lo/latch_reg[3]/C is not reached by a timing clock
Related violations: <none>

TIMING-17#253 Warning
Non-clocked sequential cell  
The clock pin z80_/reg_file_/b2v_latch_bc_lo/latch_reg[4]/C is not reached by a timing clock
Related violations: <none>

TIMING-17#254 Warning
Non-clocked sequential cell  
The clock pin z80_/reg_file_/b2v_latch_bc_lo/latch_reg[5]/C is not reached by a timing clock
Related violations: <none>

TIMING-17#255 Warning
Non-clocked sequential cell  
The clock pin z80_/reg_file_/b2v_latch_bc_lo/latch_reg[6]/C is not reached by a timing clock
Related violations: <none>

TIMING-17#256 Warning
Non-clocked sequential cell  
The clock pin z80_/reg_file_/b2v_latch_bc_lo/latch_reg[7]/C is not reached by a timing clock
Related violations: <none>

TIMING-17#257 Warning
Non-clocked sequential cell  
The clock pin z80_/reg_file_/b2v_latch_de2_hi/latch_reg[0]/C is not reached by a timing clock
Related violations: <none>

TIMING-17#258 Warning
Non-clocked sequential cell  
The clock pin z80_/reg_file_/b2v_latch_de2_hi/latch_reg[1]/C is not reached by a timing clock
Related violations: <none>

TIMING-17#259 Warning
Non-clocked sequential cell  
The clock pin z80_/reg_file_/b2v_latch_de2_hi/latch_reg[2]/C is not reached by a timing clock
Related violations: <none>

TIMING-17#260 Warning
Non-clocked sequential cell  
The clock pin z80_/reg_file_/b2v_latch_de2_hi/latch_reg[3]/C is not reached by a timing clock
Related violations: <none>

TIMING-17#261 Warning
Non-clocked sequential cell  
The clock pin z80_/reg_file_/b2v_latch_de2_hi/latch_reg[4]/C is not reached by a timing clock
Related violations: <none>

TIMING-17#262 Warning
Non-clocked sequential cell  
The clock pin z80_/reg_file_/b2v_latch_de2_hi/latch_reg[5]/C is not reached by a timing clock
Related violations: <none>

TIMING-17#263 Warning
Non-clocked sequential cell  
The clock pin z80_/reg_file_/b2v_latch_de2_hi/latch_reg[6]/C is not reached by a timing clock
Related violations: <none>

TIMING-17#264 Warning
Non-clocked sequential cell  
The clock pin z80_/reg_file_/b2v_latch_de2_hi/latch_reg[7]/C is not reached by a timing clock
Related violations: <none>

TIMING-17#265 Warning
Non-clocked sequential cell  
The clock pin z80_/reg_file_/b2v_latch_de2_lo/latch_reg[0]/C is not reached by a timing clock
Related violations: <none>

TIMING-17#266 Warning
Non-clocked sequential cell  
The clock pin z80_/reg_file_/b2v_latch_de2_lo/latch_reg[1]/C is not reached by a timing clock
Related violations: <none>

TIMING-17#267 Warning
Non-clocked sequential cell  
The clock pin z80_/reg_file_/b2v_latch_de2_lo/latch_reg[2]/C is not reached by a timing clock
Related violations: <none>

TIMING-17#268 Warning
Non-clocked sequential cell  
The clock pin z80_/reg_file_/b2v_latch_de2_lo/latch_reg[3]/C is not reached by a timing clock
Related violations: <none>

TIMING-17#269 Warning
Non-clocked sequential cell  
The clock pin z80_/reg_file_/b2v_latch_de2_lo/latch_reg[4]/C is not reached by a timing clock
Related violations: <none>

TIMING-17#270 Warning
Non-clocked sequential cell  
The clock pin z80_/reg_file_/b2v_latch_de2_lo/latch_reg[5]/C is not reached by a timing clock
Related violations: <none>

TIMING-17#271 Warning
Non-clocked sequential cell  
The clock pin z80_/reg_file_/b2v_latch_de2_lo/latch_reg[6]/C is not reached by a timing clock
Related violations: <none>

TIMING-17#272 Warning
Non-clocked sequential cell  
The clock pin z80_/reg_file_/b2v_latch_de2_lo/latch_reg[7]/C is not reached by a timing clock
Related violations: <none>

TIMING-17#273 Warning
Non-clocked sequential cell  
The clock pin z80_/reg_file_/b2v_latch_de_hi/latch_reg[0]/C is not reached by a timing clock
Related violations: <none>

TIMING-17#274 Warning
Non-clocked sequential cell  
The clock pin z80_/reg_file_/b2v_latch_de_hi/latch_reg[1]/C is not reached by a timing clock
Related violations: <none>

TIMING-17#275 Warning
Non-clocked sequential cell  
The clock pin z80_/reg_file_/b2v_latch_de_hi/latch_reg[2]/C is not reached by a timing clock
Related violations: <none>

TIMING-17#276 Warning
Non-clocked sequential cell  
The clock pin z80_/reg_file_/b2v_latch_de_hi/latch_reg[3]/C is not reached by a timing clock
Related violations: <none>

TIMING-17#277 Warning
Non-clocked sequential cell  
The clock pin z80_/reg_file_/b2v_latch_de_hi/latch_reg[4]/C is not reached by a timing clock
Related violations: <none>

TIMING-17#278 Warning
Non-clocked sequential cell  
The clock pin z80_/reg_file_/b2v_latch_de_hi/latch_reg[5]/C is not reached by a timing clock
Related violations: <none>

TIMING-17#279 Warning
Non-clocked sequential cell  
The clock pin z80_/reg_file_/b2v_latch_de_hi/latch_reg[6]/C is not reached by a timing clock
Related violations: <none>

TIMING-17#280 Warning
Non-clocked sequential cell  
The clock pin z80_/reg_file_/b2v_latch_de_hi/latch_reg[7]/C is not reached by a timing clock
Related violations: <none>

TIMING-17#281 Warning
Non-clocked sequential cell  
The clock pin z80_/reg_file_/b2v_latch_de_lo/latch_reg[0]/C is not reached by a timing clock
Related violations: <none>

TIMING-17#282 Warning
Non-clocked sequential cell  
The clock pin z80_/reg_file_/b2v_latch_de_lo/latch_reg[1]/C is not reached by a timing clock
Related violations: <none>

TIMING-17#283 Warning
Non-clocked sequential cell  
The clock pin z80_/reg_file_/b2v_latch_de_lo/latch_reg[2]/C is not reached by a timing clock
Related violations: <none>

TIMING-17#284 Warning
Non-clocked sequential cell  
The clock pin z80_/reg_file_/b2v_latch_de_lo/latch_reg[3]/C is not reached by a timing clock
Related violations: <none>

TIMING-17#285 Warning
Non-clocked sequential cell  
The clock pin z80_/reg_file_/b2v_latch_de_lo/latch_reg[4]/C is not reached by a timing clock
Related violations: <none>

TIMING-17#286 Warning
Non-clocked sequential cell  
The clock pin z80_/reg_file_/b2v_latch_de_lo/latch_reg[5]/C is not reached by a timing clock
Related violations: <none>

TIMING-17#287 Warning
Non-clocked sequential cell  
The clock pin z80_/reg_file_/b2v_latch_de_lo/latch_reg[6]/C is not reached by a timing clock
Related violations: <none>

TIMING-17#288 Warning
Non-clocked sequential cell  
The clock pin z80_/reg_file_/b2v_latch_de_lo/latch_reg[7]/C is not reached by a timing clock
Related violations: <none>

TIMING-17#289 Warning
Non-clocked sequential cell  
The clock pin z80_/reg_file_/b2v_latch_hl2_hi/latch_reg[0]/C is not reached by a timing clock
Related violations: <none>

TIMING-17#290 Warning
Non-clocked sequential cell  
The clock pin z80_/reg_file_/b2v_latch_hl2_hi/latch_reg[1]/C is not reached by a timing clock
Related violations: <none>

TIMING-17#291 Warning
Non-clocked sequential cell  
The clock pin z80_/reg_file_/b2v_latch_hl2_hi/latch_reg[2]/C is not reached by a timing clock
Related violations: <none>

TIMING-17#292 Warning
Non-clocked sequential cell  
The clock pin z80_/reg_file_/b2v_latch_hl2_hi/latch_reg[3]/C is not reached by a timing clock
Related violations: <none>

TIMING-17#293 Warning
Non-clocked sequential cell  
The clock pin z80_/reg_file_/b2v_latch_hl2_hi/latch_reg[4]/C is not reached by a timing clock
Related violations: <none>

TIMING-17#294 Warning
Non-clocked sequential cell  
The clock pin z80_/reg_file_/b2v_latch_hl2_hi/latch_reg[5]/C is not reached by a timing clock
Related violations: <none>

TIMING-17#295 Warning
Non-clocked sequential cell  
The clock pin z80_/reg_file_/b2v_latch_hl2_hi/latch_reg[6]/C is not reached by a timing clock
Related violations: <none>

TIMING-17#296 Warning
Non-clocked sequential cell  
The clock pin z80_/reg_file_/b2v_latch_hl2_hi/latch_reg[7]/C is not reached by a timing clock
Related violations: <none>

TIMING-17#297 Warning
Non-clocked sequential cell  
The clock pin z80_/reg_file_/b2v_latch_hl2_lo/latch_reg[0]/C is not reached by a timing clock
Related violations: <none>

TIMING-17#298 Warning
Non-clocked sequential cell  
The clock pin z80_/reg_file_/b2v_latch_hl2_lo/latch_reg[1]/C is not reached by a timing clock
Related violations: <none>

TIMING-17#299 Warning
Non-clocked sequential cell  
The clock pin z80_/reg_file_/b2v_latch_hl2_lo/latch_reg[2]/C is not reached by a timing clock
Related violations: <none>

TIMING-17#300 Warning
Non-clocked sequential cell  
The clock pin z80_/reg_file_/b2v_latch_hl2_lo/latch_reg[3]/C is not reached by a timing clock
Related violations: <none>

TIMING-17#301 Warning
Non-clocked sequential cell  
The clock pin z80_/reg_file_/b2v_latch_hl2_lo/latch_reg[4]/C is not reached by a timing clock
Related violations: <none>

TIMING-17#302 Warning
Non-clocked sequential cell  
The clock pin z80_/reg_file_/b2v_latch_hl2_lo/latch_reg[5]/C is not reached by a timing clock
Related violations: <none>

TIMING-17#303 Warning
Non-clocked sequential cell  
The clock pin z80_/reg_file_/b2v_latch_hl2_lo/latch_reg[6]/C is not reached by a timing clock
Related violations: <none>

TIMING-17#304 Warning
Non-clocked sequential cell  
The clock pin z80_/reg_file_/b2v_latch_hl2_lo/latch_reg[7]/C is not reached by a timing clock
Related violations: <none>

TIMING-17#305 Warning
Non-clocked sequential cell  
The clock pin z80_/reg_file_/b2v_latch_hl_hi/latch_reg[0]/C is not reached by a timing clock
Related violations: <none>

TIMING-17#306 Warning
Non-clocked sequential cell  
The clock pin z80_/reg_file_/b2v_latch_hl_hi/latch_reg[1]/C is not reached by a timing clock
Related violations: <none>

TIMING-17#307 Warning
Non-clocked sequential cell  
The clock pin z80_/reg_file_/b2v_latch_hl_hi/latch_reg[2]/C is not reached by a timing clock
Related violations: <none>

TIMING-17#308 Warning
Non-clocked sequential cell  
The clock pin z80_/reg_file_/b2v_latch_hl_hi/latch_reg[3]/C is not reached by a timing clock
Related violations: <none>

TIMING-17#309 Warning
Non-clocked sequential cell  
The clock pin z80_/reg_file_/b2v_latch_hl_hi/latch_reg[4]/C is not reached by a timing clock
Related violations: <none>

TIMING-17#310 Warning
Non-clocked sequential cell  
The clock pin z80_/reg_file_/b2v_latch_hl_hi/latch_reg[5]/C is not reached by a timing clock
Related violations: <none>

TIMING-17#311 Warning
Non-clocked sequential cell  
The clock pin z80_/reg_file_/b2v_latch_hl_hi/latch_reg[6]/C is not reached by a timing clock
Related violations: <none>

TIMING-17#312 Warning
Non-clocked sequential cell  
The clock pin z80_/reg_file_/b2v_latch_hl_hi/latch_reg[7]/C is not reached by a timing clock
Related violations: <none>

TIMING-17#313 Warning
Non-clocked sequential cell  
The clock pin z80_/reg_file_/b2v_latch_hl_lo/latch_reg[0]/C is not reached by a timing clock
Related violations: <none>

TIMING-17#314 Warning
Non-clocked sequential cell  
The clock pin z80_/reg_file_/b2v_latch_hl_lo/latch_reg[1]/C is not reached by a timing clock
Related violations: <none>

TIMING-17#315 Warning
Non-clocked sequential cell  
The clock pin z80_/reg_file_/b2v_latch_hl_lo/latch_reg[2]/C is not reached by a timing clock
Related violations: <none>

TIMING-17#316 Warning
Non-clocked sequential cell  
The clock pin z80_/reg_file_/b2v_latch_hl_lo/latch_reg[3]/C is not reached by a timing clock
Related violations: <none>

TIMING-17#317 Warning
Non-clocked sequential cell  
The clock pin z80_/reg_file_/b2v_latch_hl_lo/latch_reg[4]/C is not reached by a timing clock
Related violations: <none>

TIMING-17#318 Warning
Non-clocked sequential cell  
The clock pin z80_/reg_file_/b2v_latch_hl_lo/latch_reg[5]/C is not reached by a timing clock
Related violations: <none>

TIMING-17#319 Warning
Non-clocked sequential cell  
The clock pin z80_/reg_file_/b2v_latch_hl_lo/latch_reg[6]/C is not reached by a timing clock
Related violations: <none>

TIMING-17#320 Warning
Non-clocked sequential cell  
The clock pin z80_/reg_file_/b2v_latch_hl_lo/latch_reg[7]/C is not reached by a timing clock
Related violations: <none>

TIMING-17#321 Warning
Non-clocked sequential cell  
The clock pin z80_/reg_file_/b2v_latch_ir_hi/latch_reg[0]/C is not reached by a timing clock
Related violations: <none>

TIMING-17#322 Warning
Non-clocked sequential cell  
The clock pin z80_/reg_file_/b2v_latch_ir_hi/latch_reg[1]/C is not reached by a timing clock
Related violations: <none>

TIMING-17#323 Warning
Non-clocked sequential cell  
The clock pin z80_/reg_file_/b2v_latch_ir_hi/latch_reg[2]/C is not reached by a timing clock
Related violations: <none>

TIMING-17#324 Warning
Non-clocked sequential cell  
The clock pin z80_/reg_file_/b2v_latch_ir_hi/latch_reg[3]/C is not reached by a timing clock
Related violations: <none>

TIMING-17#325 Warning
Non-clocked sequential cell  
The clock pin z80_/reg_file_/b2v_latch_ir_hi/latch_reg[4]/C is not reached by a timing clock
Related violations: <none>

TIMING-17#326 Warning
Non-clocked sequential cell  
The clock pin z80_/reg_file_/b2v_latch_ir_hi/latch_reg[5]/C is not reached by a timing clock
Related violations: <none>

TIMING-17#327 Warning
Non-clocked sequential cell  
The clock pin z80_/reg_file_/b2v_latch_ir_hi/latch_reg[6]/C is not reached by a timing clock
Related violations: <none>

TIMING-17#328 Warning
Non-clocked sequential cell  
The clock pin z80_/reg_file_/b2v_latch_ir_hi/latch_reg[7]/C is not reached by a timing clock
Related violations: <none>

TIMING-17#329 Warning
Non-clocked sequential cell  
The clock pin z80_/reg_file_/b2v_latch_ir_lo/latch_reg[0]/C is not reached by a timing clock
Related violations: <none>

TIMING-17#330 Warning
Non-clocked sequential cell  
The clock pin z80_/reg_file_/b2v_latch_ir_lo/latch_reg[1]/C is not reached by a timing clock
Related violations: <none>

TIMING-17#331 Warning
Non-clocked sequential cell  
The clock pin z80_/reg_file_/b2v_latch_ir_lo/latch_reg[2]/C is not reached by a timing clock
Related violations: <none>

TIMING-17#332 Warning
Non-clocked sequential cell  
The clock pin z80_/reg_file_/b2v_latch_ir_lo/latch_reg[3]/C is not reached by a timing clock
Related violations: <none>

TIMING-17#333 Warning
Non-clocked sequential cell  
The clock pin z80_/reg_file_/b2v_latch_ir_lo/latch_reg[4]/C is not reached by a timing clock
Related violations: <none>

TIMING-17#334 Warning
Non-clocked sequential cell  
The clock pin z80_/reg_file_/b2v_latch_ir_lo/latch_reg[5]/C is not reached by a timing clock
Related violations: <none>

TIMING-17#335 Warning
Non-clocked sequential cell  
The clock pin z80_/reg_file_/b2v_latch_ir_lo/latch_reg[6]/C is not reached by a timing clock
Related violations: <none>

TIMING-17#336 Warning
Non-clocked sequential cell  
The clock pin z80_/reg_file_/b2v_latch_ir_lo/latch_reg[7]/C is not reached by a timing clock
Related violations: <none>

TIMING-17#337 Warning
Non-clocked sequential cell  
The clock pin z80_/reg_file_/b2v_latch_ix_hi/latch_reg[0]/C is not reached by a timing clock
Related violations: <none>

TIMING-17#338 Warning
Non-clocked sequential cell  
The clock pin z80_/reg_file_/b2v_latch_ix_hi/latch_reg[1]/C is not reached by a timing clock
Related violations: <none>

TIMING-17#339 Warning
Non-clocked sequential cell  
The clock pin z80_/reg_file_/b2v_latch_ix_hi/latch_reg[2]/C is not reached by a timing clock
Related violations: <none>

TIMING-17#340 Warning
Non-clocked sequential cell  
The clock pin z80_/reg_file_/b2v_latch_ix_hi/latch_reg[3]/C is not reached by a timing clock
Related violations: <none>

TIMING-17#341 Warning
Non-clocked sequential cell  
The clock pin z80_/reg_file_/b2v_latch_ix_hi/latch_reg[4]/C is not reached by a timing clock
Related violations: <none>

TIMING-17#342 Warning
Non-clocked sequential cell  
The clock pin z80_/reg_file_/b2v_latch_ix_hi/latch_reg[5]/C is not reached by a timing clock
Related violations: <none>

TIMING-17#343 Warning
Non-clocked sequential cell  
The clock pin z80_/reg_file_/b2v_latch_ix_hi/latch_reg[6]/C is not reached by a timing clock
Related violations: <none>

TIMING-17#344 Warning
Non-clocked sequential cell  
The clock pin z80_/reg_file_/b2v_latch_ix_hi/latch_reg[7]/C is not reached by a timing clock
Related violations: <none>

TIMING-17#345 Warning
Non-clocked sequential cell  
The clock pin z80_/reg_file_/b2v_latch_ix_lo/latch_reg[0]/C is not reached by a timing clock
Related violations: <none>

TIMING-17#346 Warning
Non-clocked sequential cell  
The clock pin z80_/reg_file_/b2v_latch_ix_lo/latch_reg[1]/C is not reached by a timing clock
Related violations: <none>

TIMING-17#347 Warning
Non-clocked sequential cell  
The clock pin z80_/reg_file_/b2v_latch_ix_lo/latch_reg[2]/C is not reached by a timing clock
Related violations: <none>

TIMING-17#348 Warning
Non-clocked sequential cell  
The clock pin z80_/reg_file_/b2v_latch_ix_lo/latch_reg[3]/C is not reached by a timing clock
Related violations: <none>

TIMING-17#349 Warning
Non-clocked sequential cell  
The clock pin z80_/reg_file_/b2v_latch_ix_lo/latch_reg[4]/C is not reached by a timing clock
Related violations: <none>

TIMING-17#350 Warning
Non-clocked sequential cell  
The clock pin z80_/reg_file_/b2v_latch_ix_lo/latch_reg[5]/C is not reached by a timing clock
Related violations: <none>

TIMING-17#351 Warning
Non-clocked sequential cell  
The clock pin z80_/reg_file_/b2v_latch_ix_lo/latch_reg[6]/C is not reached by a timing clock
Related violations: <none>

TIMING-17#352 Warning
Non-clocked sequential cell  
The clock pin z80_/reg_file_/b2v_latch_ix_lo/latch_reg[7]/C is not reached by a timing clock
Related violations: <none>

TIMING-17#353 Warning
Non-clocked sequential cell  
The clock pin z80_/reg_file_/b2v_latch_iy_hi/latch_reg[0]/C is not reached by a timing clock
Related violations: <none>

TIMING-17#354 Warning
Non-clocked sequential cell  
The clock pin z80_/reg_file_/b2v_latch_iy_hi/latch_reg[1]/C is not reached by a timing clock
Related violations: <none>

TIMING-17#355 Warning
Non-clocked sequential cell  
The clock pin z80_/reg_file_/b2v_latch_iy_hi/latch_reg[2]/C is not reached by a timing clock
Related violations: <none>

TIMING-17#356 Warning
Non-clocked sequential cell  
The clock pin z80_/reg_file_/b2v_latch_iy_hi/latch_reg[3]/C is not reached by a timing clock
Related violations: <none>

TIMING-17#357 Warning
Non-clocked sequential cell  
The clock pin z80_/reg_file_/b2v_latch_iy_hi/latch_reg[4]/C is not reached by a timing clock
Related violations: <none>

TIMING-17#358 Warning
Non-clocked sequential cell  
The clock pin z80_/reg_file_/b2v_latch_iy_hi/latch_reg[5]/C is not reached by a timing clock
Related violations: <none>

TIMING-17#359 Warning
Non-clocked sequential cell  
The clock pin z80_/reg_file_/b2v_latch_iy_hi/latch_reg[6]/C is not reached by a timing clock
Related violations: <none>

TIMING-17#360 Warning
Non-clocked sequential cell  
The clock pin z80_/reg_file_/b2v_latch_iy_hi/latch_reg[7]/C is not reached by a timing clock
Related violations: <none>

TIMING-17#361 Warning
Non-clocked sequential cell  
The clock pin z80_/reg_file_/b2v_latch_iy_lo/latch_reg[0]/C is not reached by a timing clock
Related violations: <none>

TIMING-17#362 Warning
Non-clocked sequential cell  
The clock pin z80_/reg_file_/b2v_latch_iy_lo/latch_reg[1]/C is not reached by a timing clock
Related violations: <none>

TIMING-17#363 Warning
Non-clocked sequential cell  
The clock pin z80_/reg_file_/b2v_latch_iy_lo/latch_reg[2]/C is not reached by a timing clock
Related violations: <none>

TIMING-17#364 Warning
Non-clocked sequential cell  
The clock pin z80_/reg_file_/b2v_latch_iy_lo/latch_reg[3]/C is not reached by a timing clock
Related violations: <none>

TIMING-17#365 Warning
Non-clocked sequential cell  
The clock pin z80_/reg_file_/b2v_latch_iy_lo/latch_reg[4]/C is not reached by a timing clock
Related violations: <none>

TIMING-17#366 Warning
Non-clocked sequential cell  
The clock pin z80_/reg_file_/b2v_latch_iy_lo/latch_reg[5]/C is not reached by a timing clock
Related violations: <none>

TIMING-17#367 Warning
Non-clocked sequential cell  
The clock pin z80_/reg_file_/b2v_latch_iy_lo/latch_reg[6]/C is not reached by a timing clock
Related violations: <none>

TIMING-17#368 Warning
Non-clocked sequential cell  
The clock pin z80_/reg_file_/b2v_latch_iy_lo/latch_reg[7]/C is not reached by a timing clock
Related violations: <none>

TIMING-17#369 Warning
Non-clocked sequential cell  
The clock pin z80_/reg_file_/b2v_latch_pc_hi/latch_reg[0]/C is not reached by a timing clock
Related violations: <none>

TIMING-17#370 Warning
Non-clocked sequential cell  
The clock pin z80_/reg_file_/b2v_latch_pc_hi/latch_reg[1]/C is not reached by a timing clock
Related violations: <none>

TIMING-17#371 Warning
Non-clocked sequential cell  
The clock pin z80_/reg_file_/b2v_latch_pc_hi/latch_reg[2]/C is not reached by a timing clock
Related violations: <none>

TIMING-17#372 Warning
Non-clocked sequential cell  
The clock pin z80_/reg_file_/b2v_latch_pc_hi/latch_reg[3]/C is not reached by a timing clock
Related violations: <none>

TIMING-17#373 Warning
Non-clocked sequential cell  
The clock pin z80_/reg_file_/b2v_latch_pc_hi/latch_reg[4]/C is not reached by a timing clock
Related violations: <none>

TIMING-17#374 Warning
Non-clocked sequential cell  
The clock pin z80_/reg_file_/b2v_latch_pc_hi/latch_reg[5]/C is not reached by a timing clock
Related violations: <none>

TIMING-17#375 Warning
Non-clocked sequential cell  
The clock pin z80_/reg_file_/b2v_latch_pc_hi/latch_reg[6]/C is not reached by a timing clock
Related violations: <none>

TIMING-17#376 Warning
Non-clocked sequential cell  
The clock pin z80_/reg_file_/b2v_latch_pc_hi/latch_reg[7]/C is not reached by a timing clock
Related violations: <none>

TIMING-17#377 Warning
Non-clocked sequential cell  
The clock pin z80_/reg_file_/b2v_latch_pc_lo/latch_reg[0]/C is not reached by a timing clock
Related violations: <none>

TIMING-17#378 Warning
Non-clocked sequential cell  
The clock pin z80_/reg_file_/b2v_latch_pc_lo/latch_reg[1]/C is not reached by a timing clock
Related violations: <none>

TIMING-17#379 Warning
Non-clocked sequential cell  
The clock pin z80_/reg_file_/b2v_latch_pc_lo/latch_reg[2]/C is not reached by a timing clock
Related violations: <none>

TIMING-17#380 Warning
Non-clocked sequential cell  
The clock pin z80_/reg_file_/b2v_latch_pc_lo/latch_reg[3]/C is not reached by a timing clock
Related violations: <none>

TIMING-17#381 Warning
Non-clocked sequential cell  
The clock pin z80_/reg_file_/b2v_latch_pc_lo/latch_reg[4]/C is not reached by a timing clock
Related violations: <none>

TIMING-17#382 Warning
Non-clocked sequential cell  
The clock pin z80_/reg_file_/b2v_latch_pc_lo/latch_reg[5]/C is not reached by a timing clock
Related violations: <none>

TIMING-17#383 Warning
Non-clocked sequential cell  
The clock pin z80_/reg_file_/b2v_latch_pc_lo/latch_reg[6]/C is not reached by a timing clock
Related violations: <none>

TIMING-17#384 Warning
Non-clocked sequential cell  
The clock pin z80_/reg_file_/b2v_latch_pc_lo/latch_reg[7]/C is not reached by a timing clock
Related violations: <none>

TIMING-17#385 Warning
Non-clocked sequential cell  
The clock pin z80_/reg_file_/b2v_latch_sp_hi/latch_reg[0]/C is not reached by a timing clock
Related violations: <none>

TIMING-17#386 Warning
Non-clocked sequential cell  
The clock pin z80_/reg_file_/b2v_latch_sp_hi/latch_reg[1]/C is not reached by a timing clock
Related violations: <none>

TIMING-17#387 Warning
Non-clocked sequential cell  
The clock pin z80_/reg_file_/b2v_latch_sp_hi/latch_reg[2]/C is not reached by a timing clock
Related violations: <none>

TIMING-17#388 Warning
Non-clocked sequential cell  
The clock pin z80_/reg_file_/b2v_latch_sp_hi/latch_reg[3]/C is not reached by a timing clock
Related violations: <none>

TIMING-17#389 Warning
Non-clocked sequential cell  
The clock pin z80_/reg_file_/b2v_latch_sp_hi/latch_reg[4]/C is not reached by a timing clock
Related violations: <none>

TIMING-17#390 Warning
Non-clocked sequential cell  
The clock pin z80_/reg_file_/b2v_latch_sp_hi/latch_reg[5]/C is not reached by a timing clock
Related violations: <none>

TIMING-17#391 Warning
Non-clocked sequential cell  
The clock pin z80_/reg_file_/b2v_latch_sp_hi/latch_reg[6]/C is not reached by a timing clock
Related violations: <none>

TIMING-17#392 Warning
Non-clocked sequential cell  
The clock pin z80_/reg_file_/b2v_latch_sp_hi/latch_reg[7]/C is not reached by a timing clock
Related violations: <none>

TIMING-17#393 Warning
Non-clocked sequential cell  
The clock pin z80_/reg_file_/b2v_latch_sp_lo/latch_reg[0]/C is not reached by a timing clock
Related violations: <none>

TIMING-17#394 Warning
Non-clocked sequential cell  
The clock pin z80_/reg_file_/b2v_latch_sp_lo/latch_reg[1]/C is not reached by a timing clock
Related violations: <none>

TIMING-17#395 Warning
Non-clocked sequential cell  
The clock pin z80_/reg_file_/b2v_latch_sp_lo/latch_reg[2]/C is not reached by a timing clock
Related violations: <none>

TIMING-17#396 Warning
Non-clocked sequential cell  
The clock pin z80_/reg_file_/b2v_latch_sp_lo/latch_reg[3]/C is not reached by a timing clock
Related violations: <none>

TIMING-17#397 Warning
Non-clocked sequential cell  
The clock pin z80_/reg_file_/b2v_latch_sp_lo/latch_reg[4]/C is not reached by a timing clock
Related violations: <none>

TIMING-17#398 Warning
Non-clocked sequential cell  
The clock pin z80_/reg_file_/b2v_latch_sp_lo/latch_reg[5]/C is not reached by a timing clock
Related violations: <none>

TIMING-17#399 Warning
Non-clocked sequential cell  
The clock pin z80_/reg_file_/b2v_latch_sp_lo/latch_reg[6]/C is not reached by a timing clock
Related violations: <none>

TIMING-17#400 Warning
Non-clocked sequential cell  
The clock pin z80_/reg_file_/b2v_latch_sp_lo/latch_reg[7]/C is not reached by a timing clock
Related violations: <none>

TIMING-17#401 Warning
Non-clocked sequential cell  
The clock pin z80_/reg_file_/b2v_latch_wz_hi/latch_reg[0]/C is not reached by a timing clock
Related violations: <none>

TIMING-17#402 Warning
Non-clocked sequential cell  
The clock pin z80_/reg_file_/b2v_latch_wz_hi/latch_reg[1]/C is not reached by a timing clock
Related violations: <none>

TIMING-17#403 Warning
Non-clocked sequential cell  
The clock pin z80_/reg_file_/b2v_latch_wz_hi/latch_reg[2]/C is not reached by a timing clock
Related violations: <none>

TIMING-17#404 Warning
Non-clocked sequential cell  
The clock pin z80_/reg_file_/b2v_latch_wz_hi/latch_reg[3]/C is not reached by a timing clock
Related violations: <none>

TIMING-17#405 Warning
Non-clocked sequential cell  
The clock pin z80_/reg_file_/b2v_latch_wz_hi/latch_reg[4]/C is not reached by a timing clock
Related violations: <none>

TIMING-17#406 Warning
Non-clocked sequential cell  
The clock pin z80_/reg_file_/b2v_latch_wz_hi/latch_reg[5]/C is not reached by a timing clock
Related violations: <none>

TIMING-17#407 Warning
Non-clocked sequential cell  
The clock pin z80_/reg_file_/b2v_latch_wz_hi/latch_reg[6]/C is not reached by a timing clock
Related violations: <none>

TIMING-17#408 Warning
Non-clocked sequential cell  
The clock pin z80_/reg_file_/b2v_latch_wz_hi/latch_reg[7]/C is not reached by a timing clock
Related violations: <none>

TIMING-17#409 Warning
Non-clocked sequential cell  
The clock pin z80_/reg_file_/b2v_latch_wz_lo/latch_reg[0]/C is not reached by a timing clock
Related violations: <none>

TIMING-17#410 Warning
Non-clocked sequential cell  
The clock pin z80_/reg_file_/b2v_latch_wz_lo/latch_reg[1]/C is not reached by a timing clock
Related violations: <none>

TIMING-17#411 Warning
Non-clocked sequential cell  
The clock pin z80_/reg_file_/b2v_latch_wz_lo/latch_reg[2]/C is not reached by a timing clock
Related violations: <none>

TIMING-17#412 Warning
Non-clocked sequential cell  
The clock pin z80_/reg_file_/b2v_latch_wz_lo/latch_reg[3]/C is not reached by a timing clock
Related violations: <none>

TIMING-17#413 Warning
Non-clocked sequential cell  
The clock pin z80_/reg_file_/b2v_latch_wz_lo/latch_reg[4]/C is not reached by a timing clock
Related violations: <none>

TIMING-17#414 Warning
Non-clocked sequential cell  
The clock pin z80_/reg_file_/b2v_latch_wz_lo/latch_reg[5]/C is not reached by a timing clock
Related violations: <none>

TIMING-17#415 Warning
Non-clocked sequential cell  
The clock pin z80_/reg_file_/b2v_latch_wz_lo/latch_reg[6]/C is not reached by a timing clock
Related violations: <none>

TIMING-17#416 Warning
Non-clocked sequential cell  
The clock pin z80_/reg_file_/b2v_latch_wz_lo/latch_reg[7]/C is not reached by a timing clock
Related violations: <none>

TIMING-17#417 Warning
Non-clocked sequential cell  
The clock pin z80_/resets_/DFFE_intr_ff3_reg/C is not reached by a timing clock
Related violations: <none>

TIMING-17#418 Warning
Non-clocked sequential cell  
The clock pin z80_/resets_/SYNTHESIZED_WIRE_10_reg/C is not reached by a timing clock
Related violations: <none>

TIMING-17#419 Warning
Non-clocked sequential cell  
The clock pin z80_/resets_/SYNTHESIZED_WIRE_12_reg/C is not reached by a timing clock
Related violations: <none>

TIMING-17#420 Warning
Non-clocked sequential cell  
The clock pin z80_/resets_/SYNTHESIZED_WIRE_9_reg/C is not reached by a timing clock
Related violations: <none>

TIMING-17#421 Warning
Non-clocked sequential cell  
The clock pin z80_/resets_/clrpc_int_reg/C is not reached by a timing clock
Related violations: <none>

TIMING-17#422 Warning
Non-clocked sequential cell  
The clock pin z80_/resets_/x1_reg/C is not reached by a timing clock
Related violations: <none>

TIMING-17#423 Warning
Non-clocked sequential cell  
The clock pin z80_/sequencer_/DFFE_M1_ff_reg/C is not reached by a timing clock
Related violations: <none>

TIMING-17#424 Warning
Non-clocked sequential cell  
The clock pin z80_/sequencer_/DFFE_M2_ff_reg/C is not reached by a timing clock
Related violations: <none>

TIMING-17#425 Warning
Non-clocked sequential cell  
The clock pin z80_/sequencer_/DFFE_M3_ff_reg/C is not reached by a timing clock
Related violations: <none>

TIMING-17#426 Warning
Non-clocked sequential cell  
The clock pin z80_/sequencer_/DFFE_M4_ff_reg/C is not reached by a timing clock
Related violations: <none>

TIMING-17#427 Warning
Non-clocked sequential cell  
The clock pin z80_/sequencer_/DFFE_T1_ff_reg/C is not reached by a timing clock
Related violations: <none>

TIMING-17#428 Warning
Non-clocked sequential cell  
The clock pin z80_/sequencer_/DFFE_T1_ff_reg_rep/C is not reached by a timing clock
Related violations: <none>

TIMING-17#429 Warning
Non-clocked sequential cell  
The clock pin z80_/sequencer_/DFFE_T2_ff_reg/C is not reached by a timing clock
Related violations: <none>

TIMING-17#430 Warning
Non-clocked sequential cell  
The clock pin z80_/sequencer_/DFFE_T3_ff_reg/C is not reached by a timing clock
Related violations: <none>

TIMING-17#431 Warning
Non-clocked sequential cell  
The clock pin z80_/sequencer_/DFFE_T4_ff_reg/C is not reached by a timing clock
Related violations: <none>

TIMING-17#432 Warning
Non-clocked sequential cell  
The clock pin z80_/sequencer_/DFFE_T5_ff_reg/C is not reached by a timing clock
Related violations: <none>

TIMING-17#433 Warning
Non-clocked sequential cell  
The clock pin z80_/sequencer_/M5_reg/C is not reached by a timing clock
Related violations: <none>

TIMING-17#434 Warning
Non-clocked sequential cell  
The clock pin z80_/sequencer_/T6_reg/C is not reached by a timing clock
Related violations: <none>

TIMING-18#1 Warning
Missing input or output delay  
An output delay is missing on Hsync relative to clock(s) sys_clk_pin
Related violations: <none>

TIMING-18#2 Warning
Missing input or output delay  
An output delay is missing on UART_TXD relative to clock(s) sys_clk_pin
Related violations: <none>

TIMING-18#3 Warning
Missing input or output delay  
An output delay is missing on Vsync relative to clock(s) sys_clk_pin
Related violations: <none>

TIMING-18#4 Warning
Missing input or output delay  
An output delay is missing on seg[0] relative to clock(s) sys_clk_pin
Related violations: <none>

TIMING-18#5 Warning
Missing input or output delay  
An output delay is missing on seg[1] relative to clock(s) sys_clk_pin
Related violations: <none>

TIMING-18#6 Warning
Missing input or output delay  
An output delay is missing on seg[2] relative to clock(s) sys_clk_pin
Related violations: <none>

TIMING-18#7 Warning
Missing input or output delay  
An output delay is missing on seg[3] relative to clock(s) sys_clk_pin
Related violations: <none>

TIMING-18#8 Warning
Missing input or output delay  
An output delay is missing on seg[4] relative to clock(s) sys_clk_pin
Related violations: <none>

TIMING-18#9 Warning
Missing input or output delay  
An output delay is missing on seg[5] relative to clock(s) sys_clk_pin
Related violations: <none>

TIMING-18#10 Warning
Missing input or output delay  
An output delay is missing on seg[6] relative to clock(s) sys_clk_pin
Related violations: <none>

TIMING-18#11 Warning
Missing input or output delay  
An output delay is missing on vgaBlue[0] relative to clock(s) sys_clk_pin
Related violations: <none>

TIMING-18#12 Warning
Missing input or output delay  
An output delay is missing on vgaBlue[1] relative to clock(s) sys_clk_pin
Related violations: <none>

TIMING-18#13 Warning
Missing input or output delay  
An output delay is missing on vgaBlue[2] relative to clock(s) sys_clk_pin
Related violations: <none>

TIMING-18#14 Warning
Missing input or output delay  
An output delay is missing on vgaBlue[3] relative to clock(s) sys_clk_pin
Related violations: <none>

TIMING-18#15 Warning
Missing input or output delay  
An output delay is missing on vgaGreen[0] relative to clock(s) sys_clk_pin
Related violations: <none>

TIMING-18#16 Warning
Missing input or output delay  
An output delay is missing on vgaGreen[1] relative to clock(s) sys_clk_pin
Related violations: <none>

TIMING-18#17 Warning
Missing input or output delay  
An output delay is missing on vgaGreen[2] relative to clock(s) sys_clk_pin
Related violations: <none>

TIMING-18#18 Warning
Missing input or output delay  
An output delay is missing on vgaGreen[3] relative to clock(s) sys_clk_pin
Related violations: <none>

TIMING-18#19 Warning
Missing input or output delay  
An output delay is missing on vgaRed[0] relative to clock(s) sys_clk_pin
Related violations: <none>

TIMING-18#20 Warning
Missing input or output delay  
An output delay is missing on vgaRed[1] relative to clock(s) sys_clk_pin
Related violations: <none>

TIMING-18#21 Warning
Missing input or output delay  
An output delay is missing on vgaRed[2] relative to clock(s) sys_clk_pin
Related violations: <none>

TIMING-18#22 Warning
Missing input or output delay  
An output delay is missing on vgaRed[3] relative to clock(s) sys_clk_pin
Related violations: <none>

TIMING-23#1 Warning
Combinational loop found  
A timing loop has been detected on a combinational path. A timing arc has been disabled between z80_/memory_ifc_/dout[0]_i_2/I0 and z80_/memory_ifc_/dout[0]_i_2/O to disable the timing loop
Related violations: <none>

TIMING-23#2 Warning
Combinational loop found  
A timing loop has been detected on a combinational path. A timing arc has been disabled between z80_/memory_ifc_/dout[1]_i_2/I0 and z80_/memory_ifc_/dout[1]_i_2/O to disable the timing loop
Related violations: <none>

TIMING-23#3 Warning
Combinational loop found  
A timing loop has been detected on a combinational path. A timing arc has been disabled between z80_/memory_ifc_/dout[2]_i_2/I0 and z80_/memory_ifc_/dout[2]_i_2/O to disable the timing loop
Related violations: <none>

TIMING-23#4 Warning
Combinational loop found  
A timing loop has been detected on a combinational path. A timing arc has been disabled between z80_/memory_ifc_/dout[3]_i_2/I0 and z80_/memory_ifc_/dout[3]_i_2/O to disable the timing loop
Related violations: <none>

TIMING-23#5 Warning
Combinational loop found  
A timing loop has been detected on a combinational path. A timing arc has been disabled between z80_/memory_ifc_/dout[4]_i_2/I0 and z80_/memory_ifc_/dout[4]_i_2/O to disable the timing loop
Related violations: <none>

TIMING-23#6 Warning
Combinational loop found  
A timing loop has been detected on a combinational path. A timing arc has been disabled between z80_/memory_ifc_/dout[5]_i_2/I0 and z80_/memory_ifc_/dout[5]_i_2/O to disable the timing loop
Related violations: <none>

TIMING-23#7 Warning
Combinational loop found  
A timing loop has been detected on a combinational path. A timing arc has been disabled between z80_/memory_ifc_/dout[6]_i_2/I0 and z80_/memory_ifc_/dout[6]_i_2/O to disable the timing loop
Related violations: <none>

TIMING-23#8 Warning
Combinational loop found  
A timing loop has been detected on a combinational path. A timing arc has been disabled between z80_/memory_ifc_/dout[7]_i_5/I0 and z80_/memory_ifc_/dout[7]_i_5/O to disable the timing loop
Related violations: <none>

TIMING-23#9 Warning
Combinational loop found  
A timing loop has been detected on a combinational path. A timing arc has been disabled between z80_/sequencer_/latch[7]_i_16/I0 and z80_/sequencer_/latch[7]_i_16/O to disable the timing loop
Related violations: <none>


